Created by PLY version 3.11 (http://www.dabeaz.com/ply)

Unused terminals:

    MOINS

Grammar

Rule 0     S' -> expression
Rule 1     expression -> expression PLUS expression
Rule 2     expression -> NOMBRE
Rule 3     expression -> IDENTIFIANT EGALE NOMBRE

Terminals, with rules where they appear

EGALE                : 3
IDENTIFIANT          : 3
MOINS                : 
NOMBRE               : 2 3
PLUS                 : 1
error                : 

Nonterminals, with rules where they appear

expression           : 1 1 0

Parsing method: LALR

state 0

    (0) S' -> . expression
    (1) expression -> . expression PLUS expression
    (2) expression -> . NOMBRE
    (3) expression -> . IDENTIFIANT EGALE NOMBRE

    NOMBRE          shift and go to state 2
    IDENTIFIANT     shift and go to state 3

    expression                     shift and go to state 1

state 1

    (0) S' -> expression .
    (1) expression -> expression . PLUS expression

    PLUS            shift and go to state 4


state 2

    (2) expression -> NOMBRE .

    PLUS            reduce using rule 2 (expression -> NOMBRE .)
    $end            reduce using rule 2 (expression -> NOMBRE .)


state 3

    (3) expression -> IDENTIFIANT . EGALE NOMBRE

    EGALE           shift and go to state 5


state 4

    (1) expression -> expression PLUS . expression
    (1) expression -> . expression PLUS expression
    (2) expression -> . NOMBRE
    (3) expression -> . IDENTIFIANT EGALE NOMBRE

    NOMBRE          shift and go to state 2
    IDENTIFIANT     shift and go to state 3

    expression                     shift and go to state 6

state 5

    (3) expression -> IDENTIFIANT EGALE . NOMBRE

    NOMBRE          shift and go to state 7


state 6

    (1) expression -> expression PLUS expression .
    (1) expression -> expression . PLUS expression

  ! shift/reduce conflict for PLUS resolved as shift
    $end            reduce using rule 1 (expression -> expression PLUS expression .)
    PLUS            shift and go to state 4

  ! PLUS            [ reduce using rule 1 (expression -> expression PLUS expression .) ]


state 7

    (3) expression -> IDENTIFIANT EGALE NOMBRE .

    PLUS            reduce using rule 3 (expression -> IDENTIFIANT EGALE NOMBRE .)
    $end            reduce using rule 3 (expression -> IDENTIFIANT EGALE NOMBRE .)

WARNING: 
WARNING: Conflicts:
WARNING: 
WARNING: shift/reduce conflict for PLUS in state 6 resolved as shift
